<?xml version="1.0" encoding="UTF-8"?>
<coverage generated="1727231757574" clover="3.2.0">
  <project timestamp="1727231757574" name="All files">
    <metrics statements="7" coveredstatements="7" conditionals="2" coveredconditionals="2" methods="1" coveredmethods="1" elements="10" coveredelements="10" complexity="0" loc="7" ncloc="7" packages="1" files="2" classes="2"/>
    <file name="index.tsx" path="/Users/viniciussilva/Desktop/boilerplate-apps-router/src/components/Main/index.tsx">
      <metrics statements="2" coveredstatements="2" conditionals="2" coveredconditionals="2" methods="1" coveredmethods="1"/>
      <line num="3" count="1" type="stmt"/>
      <line num="7" count="2" type="stmt"/>
    </file>
    <file name="styles.ts" path="/Users/viniciussilva/Desktop/boilerplate-apps-router/src/components/Main/styles.ts">
      <metrics statements="5" coveredstatements="5" conditionals="0" coveredconditionals="0" methods="0" coveredmethods="0"/>
      <line num="5" count="1" type="stmt"/>
      <line num="17" count="1" type="stmt"/>
      <line num="22" count="1" type="stmt"/>
      <line num="26" count="1" type="stmt"/>
      <line num="31" count="1" type="stmt"/>
    </file>
  </project>
</coverage>
