{"/Users/viniciussilva/Desktop/boilerplate-apps-router/src/components/Main/index.tsx": {"path":"/Users/viniciussilva/Desktop/boilerplate-apps-router/src/components/Main/index.tsx","statementMap":{"0":{"start":{"line":3,"column":13},"end":{"line":19,"column":1}},"1":{"start":{"line":7,"column":2},"end":{"line":18,"column":14}}},"fnMap":{"0":{"name":"(anonymous_0)","decl":{"start":{"line":3,"column":13},"end":{"line":3,"column":14}},"loc":{"start":{"line":7,"column":2},"end":{"line":18,"column":14}},"line":7}},"branchMap":{"0":{"loc":{"start":{"line":4,"column":2},"end":{"line":4,"column":26}},"type":"default-arg","locations":[{"start":{"line":4,"column":10},"end":{"line":4,"column":26}}],"line":4},"1":{"loc":{"start":{"line":5,"column":2},"end":{"line":5,"column":65}},"type":"default-arg","locations":[{"start":{"line":5,"column":16},"end":{"line":5,"column":65}}],"line":5}},"s":{"0":1,"1":2},"f":{"0":2},"b":{"0":[2],"1":[2]},"_coverageSchema":"1a1c01bbd47fc00a2c39e90264f33305004495a9","hash":"aa842a34954141933cdf5db7a577a5990ec4ffd5"}
,"/Users/viniciussilva/Desktop/boilerplate-apps-router/src/components/Main/styles.ts": {"path":"/Users/viniciussilva/Desktop/boilerplate-apps-router/src/components/Main/styles.ts","statementMap":{"0":{"start":{"line":5,"column":23},"end":{"line":15,"column":1}},"1":{"start":{"line":17,"column":20},"end":{"line":20,"column":1}},"2":{"start":{"line":22,"column":21},"end":{"line":24,"column":1}},"3":{"start":{"line":26,"column":27},"end":{"line":29,"column":1}},"4":{"start":{"line":31,"column":28},"end":{"line":34,"column":1}}},"fnMap":{},"branchMap":{},"s":{"0":1,"1":1,"2":1,"3":1,"4":1},"f":{},"b":{},"_coverageSchema":"1a1c01bbd47fc00a2c39e90264f33305004495a9","hash":"2db832796bd6db908ccd37b0fb67c118535aacbb"}
}
