TN:
SF:src\components\Main\index.tsx
FN:3,(anonymous_0)
FNF:1
FNH:1
FNDA:2,(anonymous_0)
DA:3,1
DA:7,2
LF:2
LH:2
BRDA:4,0,0,2
BRDA:5,1,0,2
BRF:2
BRH:2
end_of_record
TN:
SF:src\components\Main\styles.ts
FNF:0
FNH:0
DA:5,1
DA:17,1
DA:22,1
DA:26,1
DA:31,1
LF:5
LH:5
BRF:0
BRH:0
end_of_record
TN:
SF:src\components\MyComponent\index.tsx
FN:3,(anonymous_0)
FNF:1
FNH:1
FNDA:1,(anonymous_0)
DA:3,1
DA:4,1
LF:2
LH:2
BRF:0
BRH:0
end_of_record
TN:
SF:src\components\MyComponent\styles.ts
FNF:0
FNH:0
DA:3,1
LF:1
LH:1
BRF:0
BRH:0
end_of_record
